<?xml version="1.0" encoding="UTF-8"?>
<!-- Generated by org.testng.reporters.JUnitXMLReporter -->
<testsuite ignored="0" hostname="KTLKDIOT-L135" failures="1" tests="1" name=" Test" time="123.719" errors="0" timestamp="2023-07-31T13:10:40 IST">
  <testcase classname="KloudqTechnologies.tests.LoginTest" name="Loginuser" time="104.571">
    <failure type="org.testng.internal.reflect.MethodMatcherException" message="
[public void KloudqTechnologies.tests.LoginTest.Loginuser() throws java.io.IOException,java.lang.InterruptedException] has no parameters defined but was found to be using a data provider (either explicitly specified or inherited from class level annotation).
Data provider mismatch
Method: Loginuser([])
Arguments: [(java.lang.String) evadmin,(java.lang.String) Pa$$w0rd]">
      <![CDATA[org.testng.internal.reflect.MethodMatcherException: 
[public void KloudqTechnologies.tests.LoginTest.Loginuser() throws java.io.IOException,java.lang.InterruptedException] has no parameters defined but was found to be using a data provider (either explicitly specified or inherited from class level annotation).
Data provider mismatch
Method: Loginuser([])
Arguments: [(java.lang.String) evadmin,(java.lang.String) Pa$$w0rd]
at java.base/java.util.ArrayList.forEach(ArrayList.java:1511)
at java.base/java.util.concurrent.FutureTask.run(FutureTask.java:264)
at java.base/java.util.concurrent.ThreadPoolExecutor.runWorker(ThreadPoolExecutor.java:1136)
at java.base/java.util.concurrent.ThreadPoolExecutor$Worker.run(ThreadPoolExecutor.java:635)
at java.base/java.lang.Thread.run(Thread.java:833)
... Removed 12 stack frames]]>
    </failure>
  </testcase> <!-- Loginuser -->
</testsuite> <!--  Test -->
