<?xml version="1.0" encoding="UTF-8"?>
<!-- Generated by org.testng.reporters.JUnitXMLReporter -->
<testsuite ignored="0" hostname="KTLKDIOT-L135" failures="0" tests="6" name="Admin Test" time="44.27" errors="0" timestamp="2023-09-11T12:21:46 IST">
  <testcase classname="KloudqTechnologies.tests.AdminTestShield" name="Login" time="15.892"/>
  <testcase classname="KloudqTechnologies.tests.AdminTestShield" name="Dashboard" time="28.253"/>
  <testcase classname="KloudqTechnologies.tests.AdminTestShield" name="Replay" time="0.006"/>
  <testcase classname="KloudqTechnologies.tests.AdminTestShield" name="Trends" time="0.004"/>
  <testcase classname="KloudqTechnologies.tests.AdminTestShield" name="Administrator" time="0.006"/>
  <testcase classname="KloudqTechnologies.tests.AdminTestShield" name="Reports" time="0.001"/>
</testsuite> <!-- Admin Test -->
