<?xml version="1.0" encoding="UTF-8"?>
<!-- Generated by org.testng.reporters.JUnitXMLReporter -->
<testsuite ignored="4" hostname="KTLKDIOT-L135" failures="0" tests="0" time="0.041" errors="0" timestamp="2023-08-14T12:52:57 IST">
  <testcase classname="KloudqTechnologies.tests.CustomerTest" name="Trends" time="0.0">
    <ignored/>
  </testcase> <!-- Trends -->
  <testcase classname="KloudqTechnologies.tests.CustomerTest" name="Replay" time="0.0">
    <ignored/>
  </testcase> <!-- Replay -->
  <testcase classname="KloudqTechnologies.tests.CustomerTest" name="Reports" time="0.0">
    <ignored/>
  </testcase> <!-- Reports -->
  <testcase classname="KloudqTechnologies.tests.CustomerTest" name="LiveMap" time="0.0">
    <ignored/>
  </testcase> <!-- LiveMap -->
</testsuite>
